This is pdfTeX, Version 3.14159265-2.6-1.40.16 (TeX Live 2015/Debian) (preloaded format=pdflatex 2016.12.22)  26 MAY 2017 00:00
entering extended mode
 restricted \write18 enabled.
 %&-line parsing enabled.
**hw2.tex
(./hw2.tex
LaTeX2e <2016/02/01>
Babel <3.9q> and hyphenation patterns for 81 language(s) loaded.
(/usr/share/texlive/texmf-dist/tex/latex/base/article.cls
Document Class: article 2014/09/29 v1.4h Standard LaTeX document class
(/usr/share/texlive/texmf-dist/tex/latex/base/size11.clo
File: size11.clo 2014/09/29 v1.4h Standard LaTeX file (size option)
)
\c@part=\count79
\c@section=\count80
\c@subsection=\count81
\c@subsubsection=\count82
\c@paragraph=\count83
\c@subparagraph=\count84
\c@figure=\count85
\c@table=\count86
\abovecaptionskip=\skip41
\belowcaptionskip=\skip42
\bibindent=\dimen102
)
(/usr/share/texlive/texmf-dist/tex/latex/graphics/graphicx.sty
Package: graphicx 2014/10/28 v1.0g Enhanced LaTeX Graphics (DPC,SPQR)

(/usr/share/texlive/texmf-dist/tex/latex/graphics/keyval.sty
Package: keyval 2014/10/28 v1.15 key=value parser (DPC)
\KV@toks@=\toks14
)
(/usr/share/texlive/texmf-dist/tex/latex/graphics/graphics.sty
Package: graphics 2016/01/03 v1.0q Standard LaTeX Graphics (DPC,SPQR)

(/usr/share/texlive/texmf-dist/tex/latex/graphics/trig.sty
Package: trig 2016/01/03 v1.10 sin cos tan (DPC)
)
(/usr/share/texlive/texmf-dist/tex/latex/latexconfig/graphics.cfg
File: graphics.cfg 2010/04/23 v1.9 graphics configuration of TeX Live
)
Package graphics Info: Driver file: pdftex.def on input line 95.

(/usr/share/texlive/texmf-dist/tex/latex/pdftex-def/pdftex.def
File: pdftex.def 2011/05/27 v0.06d Graphics/color for pdfTeX

(/usr/share/texlive/texmf-dist/tex/generic/oberdiek/infwarerr.sty
Package: infwarerr 2010/04/08 v1.3 Providing info/warning/error messages (HO)
)
(/usr/share/texlive/texmf-dist/tex/generic/oberdiek/ltxcmds.sty
Package: ltxcmds 2011/11/09 v1.22 LaTeX kernel commands for general use (HO)
)
\Gread@gobject=\count87
))
\Gin@req@height=\dimen103
\Gin@req@width=\dimen104
)
(/usr/share/texlive/texmf-dist/tex/latex/booktabs/booktabs.sty
Package: booktabs 2005/04/14 v1.61803 publication quality tables
\heavyrulewidth=\dimen105
\lightrulewidth=\dimen106
\cmidrulewidth=\dimen107
\belowrulesep=\dimen108
\belowbottomsep=\dimen109
\aboverulesep=\dimen110
\abovetopsep=\dimen111
\cmidrulesep=\dimen112
\cmidrulekern=\dimen113
\defaultaddspace=\dimen114
\@cmidla=\count88
\@cmidlb=\count89
\@aboverulesep=\dimen115
\@belowrulesep=\dimen116
\@thisruleclass=\count90
\@lastruleclass=\count91
\@thisrulewidth=\dimen117
)
(/usr/share/texlive/texmf-dist/tex/latex/setspace/setspace.sty
Package: setspace 2011/12/19 v6.7a set line spacing
)
(/usr/share/texlive/texmf-dist/tex/latex/parskip/parskip.sty
Package: parskip 2001/04/09 non-zero parskip adjustments
) (./hw2.aux)
\openout1 = `hw2.aux'.

LaTeX Font Info:    Checking defaults for OML/cmm/m/it on input line 7.
LaTeX Font Info:    ... okay on input line 7.
LaTeX Font Info:    Checking defaults for T1/cmr/m/n on input line 7.
LaTeX Font Info:    ... okay on input line 7.
LaTeX Font Info:    Checking defaults for OT1/cmr/m/n on input line 7.
LaTeX Font Info:    ... okay on input line 7.
LaTeX Font Info:    Checking defaults for OMS/cmsy/m/n on input line 7.
LaTeX Font Info:    ... okay on input line 7.
LaTeX Font Info:    Checking defaults for OMX/cmex/m/n on input line 7.
LaTeX Font Info:    ... okay on input line 7.
LaTeX Font Info:    Checking defaults for U/cmr/m/n on input line 7.
LaTeX Font Info:    ... okay on input line 7.

(/usr/share/texlive/texmf-dist/tex/context/base/supp-pdf.mkii
[Loading MPS to PDF converter (version 2006.09.02).]
\scratchcounter=\count92
\scratchdimen=\dimen118
\scratchbox=\box26
\nofMPsegments=\count93
\nofMParguments=\count94
\everyMPshowfont=\toks15
\MPscratchCnt=\count95
\MPscratchDim=\dimen119
\MPnumerator=\count96
\makeMPintoPDFobject=\count97
\everyMPtoPDFconversion=\toks16
) (/usr/share/texlive/texmf-dist/tex/generic/oberdiek/pdftexcmds.sty
Package: pdftexcmds 2011/11/29 v0.20 Utility functions of pdfTeX for LuaTeX (HO
)

(/usr/share/texlive/texmf-dist/tex/generic/oberdiek/ifluatex.sty
Package: ifluatex 2010/03/01 v1.3 Provides the ifluatex switch (HO)
Package ifluatex Info: LuaTeX not detected.
)
(/usr/share/texlive/texmf-dist/tex/generic/oberdiek/ifpdf.sty
Package: ifpdf 2011/01/30 v2.3 Provides the ifpdf switch (HO)
Package ifpdf Info: pdfTeX in PDF mode is detected.
)
Package pdftexcmds Info: LuaTeX not detected.
Package pdftexcmds Info: \pdf@primitive is available.
Package pdftexcmds Info: \pdf@ifprimitive is available.
Package pdftexcmds Info: \pdfdraftmode found.
)
(/usr/share/texlive/texmf-dist/tex/latex/oberdiek/epstopdf-base.sty
Package: epstopdf-base 2010/02/09 v2.5 Base part for package epstopdf

(/usr/share/texlive/texmf-dist/tex/latex/oberdiek/grfext.sty
Package: grfext 2010/08/19 v1.1 Manage graphics extensions (HO)

(/usr/share/texlive/texmf-dist/tex/generic/oberdiek/kvdefinekeys.sty
Package: kvdefinekeys 2011/04/07 v1.3 Define keys (HO)
))
(/usr/share/texlive/texmf-dist/tex/latex/oberdiek/kvoptions.sty
Package: kvoptions 2011/06/30 v3.11 Key value format for package options (HO)

(/usr/share/texlive/texmf-dist/tex/generic/oberdiek/kvsetkeys.sty
Package: kvsetkeys 2012/04/25 v1.16 Key value parser (HO)

(/usr/share/texlive/texmf-dist/tex/generic/oberdiek/etexcmds.sty
Package: etexcmds 2011/02/16 v1.5 Avoid name clashes with e-TeX commands (HO)
Package etexcmds Info: Could not find \expanded.
(etexcmds)             That can mean that you are not using pdfTeX 1.50 or
(etexcmds)             that some package has redefined \expanded.
(etexcmds)             In the latter case, load this package earlier.
)))
Package grfext Info: Graphics extension search list:
(grfext)             [.png,.pdf,.jpg,.mps,.jpeg,.jbig2,.jb2,.PNG,.PDF,.JPG,.JPE
G,.JBIG2,.JB2,.eps]
(grfext)             \AppendGraphicsExtensions on input line 452.

(/usr/share/texlive/texmf-dist/tex/latex/latexconfig/epstopdf-sys.cfg
File: epstopdf-sys.cfg 2010/07/13 v1.3 Configuration of (r)epstopdf for TeX Liv
e
))
LaTeX Font Info:    External font `cmex10' loaded for size
(Font)              <12> on input line 12.
LaTeX Font Info:    External font `cmex10' loaded for size
(Font)              <8> on input line 12.
LaTeX Font Info:    External font `cmex10' loaded for size
(Font)              <6> on input line 12.

[1

{/var/lib/texmf/fonts/map/pdftex/updmap/pdftex.map}]
Overfull \hbox (122.88977pt too wide) in paragraph at lines 38--38
[]\OT1/cmtt/m/n/10.95 mu[zero] = (np.var(X,axis=0)**(1/2))*np.random.randn(len(
zero),d)+ np.mean(X,axis=0)[] 
 []


Overfull \hbox (10.17123pt too wide) in paragraph at lines 45--46
\OT1/cmr/m/n/10.95 If we find an in-verse of ma-trix there are two usu-ful func
-tions "numpy.linalg.inv"
 []

Missing character: There is no â in font cmtt10!
Missing character: There is no € in font cmtt10!
Missing character: There is no ‹ in font cmtt10!
Missing character: There is no â in font cmtt10!
Missing character: There is no € in font cmtt10!
Missing character: There is no ‹ in font cmtt10!
Missing character: There is no â in font cmtt10!
Missing character: There is no € in font cmtt10!
Missing character: There is no ‹ in font cmtt10!
LaTeX Font Info:    External font `cmex10' loaded for size
(Font)              <10.95> on input line 67.
[2] [3]
Missing character: There is no Ã in font cmr10!
Missing character: There is no © in font cmr10!
 [4] <kmean.png, id=27, 381.5856pt x 267.399pt>
File: kmean.png Graphic file (type png)
 <use kmean.png>
Package pdftex.def Info: kmean.png used on input line 171.
(pdftex.def)             Requested size: 190.79233pt x 133.69917pt.

<em1.png, id=29, 381.5856pt x 257.2812pt>
File: em1.png Graphic file (type png)
 <use em1.png>
Package pdftex.def Info: em1.png used on input line 180.
(pdftex.def)             Requested size: 64.86868pt x 43.73721pt.

<em2.png, id=30, 381.5856pt x 257.2812pt>
File: em2.png Graphic file (type png)
 <use em2.png>
Package pdftex.def Info: em2.png used on input line 181.
(pdftex.def)             Requested size: 64.86868pt x 43.73721pt.

<em3.png, id=31, 381.5856pt x 257.2812pt>
File: em3.png Graphic file (type png)
 <use em3.png>
Package pdftex.def Info: em3.png used on input line 182.
(pdftex.def)             Requested size: 64.86868pt x 43.73721pt.

<em4.png, id=32, 381.5856pt x 257.2812pt>
File: em4.png Graphic file (type png)
 <use em4.png>
Package pdftex.def Info: em4.png used on input line 183.
(pdftex.def)             Requested size: 64.86868pt x 43.73721pt.

<em5.png, id=33, 381.5856pt x 257.2812pt>
File: em5.png Graphic file (type png)
 <use em5.png>
Package pdftex.def Info: em5.png used on input line 184.
(pdftex.def)             Requested size: 64.86868pt x 43.73721pt.

<em6.png, id=34, 381.5856pt x 257.2812pt>
File: em6.png Graphic file (type png)
 <use em6.png>
Package pdftex.def Info: em6.png used on input line 185.
(pdftex.def)             Requested size: 64.86868pt x 43.73721pt.

<em7.png, id=35, 381.5856pt x 257.2812pt>
File: em7.png Graphic file (type png)
 <use em7.png>
Package pdftex.def Info: em7.png used on input line 186.
(pdftex.def)             Requested size: 64.86868pt x 43.73721pt.

<em8.png, id=36, 381.5856pt x 257.2812pt>
File: em8.png Graphic file (type png)
 <use em8.png>
Package pdftex.def Info: em8.png used on input line 187.
(pdftex.def)             Requested size: 64.86868pt x 43.73721pt.

<em9.png, id=37, 381.5856pt x 257.2812pt>
File: em9.png Graphic file (type png)
 <use em9.png>
Package pdftex.def Info: em9.png used on input line 188.
(pdftex.def)             Requested size: 64.86868pt x 43.73721pt.

<em10.png, id=38, 381.5856pt x 257.2812pt>
File: em10.png Graphic file (type png)
 <use em10.png>
Package pdftex.def Info: em10.png used on input line 189.
(pdftex.def)             Requested size: 64.86868pt x 43.73721pt.

Underfull \hbox (badness 2393) in paragraph at lines 180--190
[][] [] [] [] []
 []

<gmmnkmk2.png, id=39, 381.5856pt x 257.2812pt>
File: gmmnkmk2.png Graphic file (type png)
 <use gmmnkmk2.png>
Package pdftex.def Info: gmmnkmk2.png used on input line 207.
(pdftex.def)             Requested size: 114.47655pt x 77.18495pt.

<gmmnkmk3.png, id=40, 381.5856pt x 257.2812pt>
File: gmmnkmk3.png Graphic file (type png)
 <use gmmnkmk3.png>
Package pdftex.def Info: gmmnkmk3.png used on input line 208.
(pdftex.def)             Requested size: 114.47655pt x 77.18495pt.

<gmmnkmk4.png, id=41, 381.5856pt x 257.2812pt>
File: gmmnkmk4.png Graphic file (type png)
 <use gmmnkmk4.png>
Package pdftex.def Info: gmmnkmk4.png used on input line 209.
(pdftex.def)             Requested size: 114.47655pt x 77.18495pt.

<gmmnkmk5.png, id=42, 381.5856pt x 257.2812pt>
File: gmmnkmk5.png Graphic file (type png)
 <use gmmnkmk5.png>
Package pdftex.def Info: gmmnkmk5.png used on input line 210.
(pdftex.def)             Requested size: 114.47655pt x 77.18495pt.

<gmmnkmk6.png, id=43, 381.5856pt x 257.2812pt>
File: gmmnkmk6.png Graphic file (type png)
 <use gmmnkmk6.png>
Package pdftex.def Info: gmmnkmk6.png used on input line 211.
(pdftex.def)             Requested size: 114.47655pt x 77.18495pt.

<gmmnkmk7.png, id=44, 381.5856pt x 257.2812pt>
File: gmmnkmk7.png Graphic file (type png)
 <use gmmnkmk7.png>
Package pdftex.def Info: gmmnkmk7.png used on input line 212.
(pdftex.def)             Requested size: 114.47655pt x 77.18495pt.

Underfull \hbox (badness 1635) in paragraph at lines 207--213
[][] [] []
 []

[5 <./kmean.png> <./em1.png> <./em2.png> <./em3.png> <./em4.png> <./em5.png> <.
/em6.png> <./em7.png> <./em8.png> <./em9.png> <./em10.png>]
<k3nk1.png, id=59, 381.5856pt x 257.2812pt>
File: k3nk1.png Graphic file (type png)
 <use k3nk1.png>
Package pdftex.def Info: k3nk1.png used on input line 219.
(pdftex.def)             Requested size: 76.31577pt x 51.45532pt.

<k3nk2.png, id=60, 381.5856pt x 257.2812pt>
File: k3nk2.png Graphic file (type png)
 <use k3nk2.png>
Package pdftex.def Info: k3nk2.png used on input line 220.
(pdftex.def)             Requested size: 76.31577pt x 51.45532pt.

<k3nk3.png, id=61, 381.5856pt x 257.2812pt>
File: k3nk3.png Graphic file (type png)
 <use k3nk3.png>
Package pdftex.def Info: k3nk3.png used on input line 221.
(pdftex.def)             Requested size: 76.31577pt x 51.45532pt.

<k3nk4.png, id=62, 381.5856pt x 257.2812pt>
File: k3nk4.png Graphic file (type png)
 <use k3nk4.png>
Package pdftex.def Info: k3nk4.png used on input line 222.
(pdftex.def)             Requested size: 76.31577pt x 51.45532pt.

<k3nk5.png, id=63, 381.5856pt x 257.2812pt>
File: k3nk5.png Graphic file (type png)
 <use k3nk5.png>
Package pdftex.def Info: k3nk5.png used on input line 223.
(pdftex.def)             Requested size: 76.31577pt x 51.45532pt.

<k3nk6.png, id=64, 381.5856pt x 257.2812pt>
File: k3nk6.png Graphic file (type png)
 <use k3nk6.png>
Package pdftex.def Info: k3nk6.png used on input line 224.
(pdftex.def)             Requested size: 76.31577pt x 51.45532pt.

<k3nk7.png, id=65, 381.5856pt x 257.2812pt>
File: k3nk7.png Graphic file (type png)
 <use k3nk7.png>
Package pdftex.def Info: k3nk7.png used on input line 225.
(pdftex.def)             Requested size: 76.31577pt x 51.45532pt.

<k3nk8.png, id=66, 381.5856pt x 257.2812pt>
File: k3nk8.png Graphic file (type png)
 <use k3nk8.png>
Package pdftex.def Info: k3nk8.png used on input line 226.
(pdftex.def)             Requested size: 76.31577pt x 51.45532pt.

<k3nk9.png, id=67, 381.5856pt x 257.2812pt>
File: k3nk9.png Graphic file (type png)
 <use k3nk9.png>
Package pdftex.def Info: k3nk9.png used on input line 227.
(pdftex.def)             Requested size: 76.31577pt x 51.45532pt.

<k3nk10.png, id=68, 381.5856pt x 257.2812pt>
File: k3nk10.png Graphic file (type png)
 <use k3nk10.png>
Package pdftex.def Info: k3nk10.png used on input line 228.
(pdftex.def)             Requested size: 76.31577pt x 51.45532pt.

Underfull \hbox (badness 10000) in paragraph at lines 219--229
[][] [] [] []
 []


Underfull \hbox (badness 10000) in paragraph at lines 219--229
[] [] [] []
 []

<k3wk1.png, id=69, 381.5856pt x 257.2812pt>
File: k3wk1.png Graphic file (type png)
 <use k3wk1.png>
Package pdftex.def Info: k3wk1.png used on input line 233.
(pdftex.def)             Requested size: 76.31577pt x 51.45532pt.

<k3wk2.png, id=70, 381.5856pt x 257.2812pt>
File: k3wk2.png Graphic file (type png)
 <use k3wk2.png>
Package pdftex.def Info: k3wk2.png used on input line 234.
(pdftex.def)             Requested size: 76.31577pt x 51.45532pt.

<k3wk3.png, id=71, 381.5856pt x 257.2812pt>
File: k3wk3.png Graphic file (type png)
 <use k3wk3.png>
Package pdftex.def Info: k3wk3.png used on input line 235.
(pdftex.def)             Requested size: 76.31577pt x 51.45532pt.

<k3wk4.png, id=72, 381.5856pt x 257.2812pt>
File: k3wk4.png Graphic file (type png)
 <use k3wk4.png>
Package pdftex.def Info: k3wk4.png used on input line 236.
(pdftex.def)             Requested size: 76.31577pt x 51.45532pt.

<k3wk5.png, id=73, 381.5856pt x 257.2812pt>
File: k3wk5.png Graphic file (type png)
 <use k3wk5.png>
Package pdftex.def Info: k3wk5.png used on input line 237.
(pdftex.def)             Requested size: 76.31577pt x 51.45532pt.

<k3wk6.png, id=74, 381.5856pt x 257.2812pt>
File: k3wk6.png Graphic file (type png)
 <use k3wk6.png>
Package pdftex.def Info: k3wk6.png used on input line 238.
(pdftex.def)             Requested size: 76.31577pt x 51.45532pt.

<k3wk7.png, id=75, 381.5856pt x 257.2812pt>
File: k3wk7.png Graphic file (type png)
 <use k3wk7.png>
Package pdftex.def Info: k3wk7.png used on input line 239.
(pdftex.def)             Requested size: 76.31577pt x 51.45532pt.

<k3wk8.png, id=76, 381.5856pt x 257.2812pt>
File: k3wk8.png Graphic file (type png)
 <use k3wk8.png>
Package pdftex.def Info: k3wk8.png used on input line 240.
(pdftex.def)             Requested size: 76.31577pt x 51.45532pt.

<k3wk9.png, id=77, 381.5856pt x 257.2812pt>
File: k3wk9.png Graphic file (type png)
 <use k3wk9.png>
Package pdftex.def Info: k3wk9.png used on input line 241.
(pdftex.def)             Requested size: 76.31577pt x 51.45532pt.

<k3wk10.png, id=78, 381.5856pt x 257.2812pt>
File: k3wk10.png Graphic file (type png)
 <use k3wk10.png>
Package pdftex.def Info: k3wk10.png used on input line 242.
(pdftex.def)             Requested size: 76.31577pt x 51.45532pt.

Underfull \hbox (badness 10000) in paragraph at lines 233--243
[][] [] [] []
 []


Underfull \hbox (badness 10000) in paragraph at lines 233--243
[] [] [] []
 []

[6 <./gmmnkmk2.png> <./gmmnkmk3.png> <./gmmnkmk4.png> <./gmmnkmk5.png> <./gmmnk
mk6.png> <./gmmnkmk7.png> <./k3nk1.png> <./k3nk2.png> <./k3nk3.png> <./k3nk4.pn
g> <./k3nk5.png> <./k3nk6.png> <./k3nk7.png> <./k3nk8.png> <./k3nk9.png> <./k3n
k10.png>]
Overfull \hbox (59.6542pt too wide) in paragraph at lines 261--261
[]\OT1/cmtt/m/n/10.95 Number of iterations without K-means: 27, 9, 23, 37, 20, 
25, 5, 6, 19, 20[] 
 []


Overfull \hbox (2.16733pt too wide) in paragraph at lines 261--261
[]\OT1/cmtt/m/n/10.95 Number of iterations with K-means: 7, 7, 7, 7, 7, 7, 6, 7
, 7, 7[] 
 []

<kmfordend.png, id=98, 381.5856pt x 257.2812pt>
File: kmfordend.png Graphic file (type png)
 <use kmfordend.png>
Package pdftex.def Info: kmfordend.png used on input line 276.
(pdftex.def)             Requested size: 190.79233pt x 128.64029pt.

<dendg.png, id=99, 370.0224pt x 255.1131pt>
File: dendg.png Graphic file (type png)
 <use dendg.png>
Package pdftex.def Info: dendg.png used on input line 277.
(pdftex.def)             Requested size: 185.01074pt x 127.55623pt.

Overfull \hbox (18.2364pt too wide) in paragraph at lines 276--278
[][] [] 
 []

[7 <./k3wk1.png> <./k3wk2.png> <./k3wk3.png> <./k3wk4.png> <./k3wk5.png> <./k3w
k6.png> <./k3wk7.png> <./k3wk8.png> <./k3wk9.png> <./k3wk10.png>]
<kmfordend2.png, id=114, 381.5856pt x 257.2812pt>
File: kmfordend2.png Graphic file (type png)
 <use kmfordend2.png>
Package pdftex.def Info: kmfordend2.png used on input line 284.
(pdftex.def)             Requested size: 190.79233pt x 128.64029pt.

<dendg2.png, id=115, 370.0224pt x 255.1131pt>
File: dendg2.png Graphic file (type png)
 <use dendg2.png>
Package pdftex.def Info: dendg2.png used on input line 285.
(pdftex.def)             Requested size: 185.01074pt x 127.55623pt.

Overfull \hbox (18.2364pt too wide) in paragraph at lines 284--286
[][] [] 
 []

<km2gau.png, id=116, 381.5856pt x 257.2812pt>
File: km2gau.png Graphic file (type png)
 <use km2gau.png>
Package pdftex.def Info: km2gau.png used on input line 297.
(pdftex.def)             Requested size: 190.79233pt x 128.64029pt.

<em2gau.png, id=117, 381.5856pt x 257.2812pt>
File: em2gau.png Graphic file (type png)
 <use em2gau.png>
Package pdftex.def Info: em2gau.png used on input line 298.
(pdftex.def)             Requested size: 190.79233pt x 128.64029pt.

Overfull \hbox (24.01799pt too wide) in paragraph at lines 297--299
[][] [] 
 []

[8 <./kmfordend.png> <./dendg.png> <./kmfordend2.png> <./dendg2.png>] [9 <./km2
gau.png> <./em2gau.png>] <pca.png, id=130, 381.5856pt x 257.2812pt>
File: pca.png Graphic file (type png)

<use pca.png>
Package pdftex.def Info: pca.png used on input line 327.
(pdftex.def)             Requested size: 228.95311pt x 154.3699pt.
 <uspskm.png, id=131, 381.5856pt x 257.2812pt>
File: uspskm.png Graphic file (type png)
 <use uspskm.png>
Package pdftex.def Info: uspskm.png used on input line 334.
(pdftex.def)             Requested size: 228.95311pt x 154.3699pt.

<uspsgmm.png, id=132, 381.5856pt x 257.2812pt>
File: uspsgmm.png Graphic file (type png)
 <use uspsgmm.png>
Package pdftex.def Info: uspsgmm.png used on input line 341.
(pdftex.def)             Requested size: 228.95311pt x 154.3699pt.
 [10 <./pca.png> <./uspskm.png>] [11 <./uspsgmm.png>] (./hw2.aux) ) 
Here is how much of TeX's memory you used:
 1819 strings out of 493029
 25791 string characters out of 6136233
 85591 words of memory out of 5000000
 5308 multiletter control sequences out of 15000+600000
 8671 words of font info for 31 fonts, out of 8000000 for 9000
 1141 hyphenation exceptions out of 8191
 38i,12n,23p,602b,213s stack positions out of 5000i,500n,10000p,200000b,80000s
</usr/share/
texlive/texmf-dist/fonts/type1/public/amsfonts/cm/cmbx12.pfb></usr/share/texliv
e/texmf-dist/fonts/type1/public/amsfonts/cm/cmex10.pfb></usr/share/texlive/texm
f-dist/fonts/type1/public/amsfonts/cm/cmmi10.pfb></usr/share/texlive/texmf-dist
/fonts/type1/public/amsfonts/cm/cmmi8.pfb></usr/share/texlive/texmf-dist/fonts/
type1/public/amsfonts/cm/cmr10.pfb></usr/share/texlive/texmf-dist/fonts/type1/p
ublic/amsfonts/cm/cmr12.pfb></usr/share/texlive/texmf-dist/fonts/type1/public/a
msfonts/cm/cmr17.pfb></usr/share/texlive/texmf-dist/fonts/type1/public/amsfonts
/cm/cmr8.pfb></usr/share/texlive/texmf-dist/fonts/type1/public/amsfonts/cm/cmsy
10.pfb></usr/share/texlive/texmf-dist/fonts/type1/public/amsfonts/cm/cmsy6.pfb>
</usr/share/texlive/texmf-dist/fonts/type1/public/amsfonts/cm/cmsy8.pfb></usr/s
hare/texlive/texmf-dist/fonts/type1/public/amsfonts/cm/cmtt10.pfb>
Output written on hw2.pdf (11 pages, 1873184 bytes).
PDF statistics:
 181 PDF objects out of 1000 (max. 8388607)
 63 compressed objects within 1 object stream
 0 named destinations out of 1000 (max. 500000)
 231 words of extra memory for PDF output out of 10000 (max. 10000000)

