This is pdfTeX, Version 3.14159265-2.6-1.40.16 (TeX Live 2015/Debian) (preloaded format=pdflatex 2016.12.22)  16 JUN 2017 17:00
entering extended mode
 restricted \write18 enabled.
 %&-line parsing enabled.
**hw3.tex
(./hw3.tex
LaTeX2e <2016/02/01>
Babel <3.9q> and hyphenation patterns for 81 language(s) loaded.
(/usr/share/texlive/texmf-dist/tex/latex/base/article.cls
Document Class: article 2014/09/29 v1.4h Standard LaTeX document class
(/usr/share/texlive/texmf-dist/tex/latex/base/size11.clo
File: size11.clo 2014/09/29 v1.4h Standard LaTeX file (size option)
)
\c@part=\count79
\c@section=\count80
\c@subsection=\count81
\c@subsubsection=\count82
\c@paragraph=\count83
\c@subparagraph=\count84
\c@figure=\count85
\c@table=\count86
\abovecaptionskip=\skip41
\belowcaptionskip=\skip42
\bibindent=\dimen102
)
(/usr/share/texlive/texmf-dist/tex/latex/graphics/graphicx.sty
Package: graphicx 2014/10/28 v1.0g Enhanced LaTeX Graphics (DPC,SPQR)

(/usr/share/texlive/texmf-dist/tex/latex/graphics/keyval.sty
Package: keyval 2014/10/28 v1.15 key=value parser (DPC)
\KV@toks@=\toks14
)
(/usr/share/texlive/texmf-dist/tex/latex/graphics/graphics.sty
Package: graphics 2016/01/03 v1.0q Standard LaTeX Graphics (DPC,SPQR)

(/usr/share/texlive/texmf-dist/tex/latex/graphics/trig.sty
Package: trig 2016/01/03 v1.10 sin cos tan (DPC)
)
(/usr/share/texlive/texmf-dist/tex/latex/latexconfig/graphics.cfg
File: graphics.cfg 2010/04/23 v1.9 graphics configuration of TeX Live
)
Package graphics Info: Driver file: pdftex.def on input line 95.

(/usr/share/texlive/texmf-dist/tex/latex/pdftex-def/pdftex.def
File: pdftex.def 2011/05/27 v0.06d Graphics/color for pdfTeX

(/usr/share/texlive/texmf-dist/tex/generic/oberdiek/infwarerr.sty
Package: infwarerr 2010/04/08 v1.3 Providing info/warning/error messages (HO)
)
(/usr/share/texlive/texmf-dist/tex/generic/oberdiek/ltxcmds.sty
Package: ltxcmds 2011/11/09 v1.22 LaTeX kernel commands for general use (HO)
)
\Gread@gobject=\count87
))
\Gin@req@height=\dimen103
\Gin@req@width=\dimen104
)
(/usr/share/texlive/texmf-dist/tex/latex/booktabs/booktabs.sty
Package: booktabs 2005/04/14 v1.61803 publication quality tables
\heavyrulewidth=\dimen105
\lightrulewidth=\dimen106
\cmidrulewidth=\dimen107
\belowrulesep=\dimen108
\belowbottomsep=\dimen109
\aboverulesep=\dimen110
\abovetopsep=\dimen111
\cmidrulesep=\dimen112
\cmidrulekern=\dimen113
\defaultaddspace=\dimen114
\@cmidla=\count88
\@cmidlb=\count89
\@aboverulesep=\dimen115
\@belowrulesep=\dimen116
\@thisruleclass=\count90
\@lastruleclass=\count91
\@thisrulewidth=\dimen117
)
(/usr/share/texlive/texmf-dist/tex/latex/setspace/setspace.sty
Package: setspace 2011/12/19 v6.7a set line spacing
)
(/usr/share/texlive/texmf-dist/tex/latex/parskip/parskip.sty
Package: parskip 2001/04/09 non-zero parskip adjustments
) (./hw3.aux)
\openout1 = `hw3.aux'.

LaTeX Font Info:    Checking defaults for OML/cmm/m/it on input line 7.
LaTeX Font Info:    ... okay on input line 7.
LaTeX Font Info:    Checking defaults for T1/cmr/m/n on input line 7.
LaTeX Font Info:    ... okay on input line 7.
LaTeX Font Info:    Checking defaults for OT1/cmr/m/n on input line 7.
LaTeX Font Info:    ... okay on input line 7.
LaTeX Font Info:    Checking defaults for OMS/cmsy/m/n on input line 7.
LaTeX Font Info:    ... okay on input line 7.
LaTeX Font Info:    Checking defaults for OMX/cmex/m/n on input line 7.
LaTeX Font Info:    ... okay on input line 7.
LaTeX Font Info:    Checking defaults for U/cmr/m/n on input line 7.
LaTeX Font Info:    ... okay on input line 7.

(/usr/share/texlive/texmf-dist/tex/context/base/supp-pdf.mkii
[Loading MPS to PDF converter (version 2006.09.02).]
\scratchcounter=\count92
\scratchdimen=\dimen118
\scratchbox=\box26
\nofMPsegments=\count93
\nofMParguments=\count94
\everyMPshowfont=\toks15
\MPscratchCnt=\count95
\MPscratchDim=\dimen119
\MPnumerator=\count96
\makeMPintoPDFobject=\count97
\everyMPtoPDFconversion=\toks16
) (/usr/share/texlive/texmf-dist/tex/generic/oberdiek/pdftexcmds.sty
Package: pdftexcmds 2011/11/29 v0.20 Utility functions of pdfTeX for LuaTeX (HO
)

(/usr/share/texlive/texmf-dist/tex/generic/oberdiek/ifluatex.sty
Package: ifluatex 2010/03/01 v1.3 Provides the ifluatex switch (HO)
Package ifluatex Info: LuaTeX not detected.
)
(/usr/share/texlive/texmf-dist/tex/generic/oberdiek/ifpdf.sty
Package: ifpdf 2011/01/30 v2.3 Provides the ifpdf switch (HO)
Package ifpdf Info: pdfTeX in PDF mode is detected.
)
Package pdftexcmds Info: LuaTeX not detected.
Package pdftexcmds Info: \pdf@primitive is available.
Package pdftexcmds Info: \pdf@ifprimitive is available.
Package pdftexcmds Info: \pdfdraftmode found.
)
(/usr/share/texlive/texmf-dist/tex/latex/oberdiek/epstopdf-base.sty
Package: epstopdf-base 2010/02/09 v2.5 Base part for package epstopdf

(/usr/share/texlive/texmf-dist/tex/latex/oberdiek/grfext.sty
Package: grfext 2010/08/19 v1.1 Manage graphics extensions (HO)

(/usr/share/texlive/texmf-dist/tex/generic/oberdiek/kvdefinekeys.sty
Package: kvdefinekeys 2011/04/07 v1.3 Define keys (HO)
))
(/usr/share/texlive/texmf-dist/tex/latex/oberdiek/kvoptions.sty
Package: kvoptions 2011/06/30 v3.11 Key value format for package options (HO)

(/usr/share/texlive/texmf-dist/tex/generic/oberdiek/kvsetkeys.sty
Package: kvsetkeys 2012/04/25 v1.16 Key value parser (HO)

(/usr/share/texlive/texmf-dist/tex/generic/oberdiek/etexcmds.sty
Package: etexcmds 2011/02/16 v1.5 Avoid name clashes with e-TeX commands (HO)
Package etexcmds Info: Could not find \expanded.
(etexcmds)             That can mean that you are not using pdfTeX 1.50 or
(etexcmds)             that some package has redefined \expanded.
(etexcmds)             In the latter case, load this package earlier.
)))
Package grfext Info: Graphics extension search list:
(grfext)             [.png,.pdf,.jpg,.mps,.jpeg,.jbig2,.jb2,.PNG,.PDF,.JPG,.JPE
G,.JBIG2,.JB2,.eps]
(grfext)             \AppendGraphicsExtensions on input line 452.

(/usr/share/texlive/texmf-dist/tex/latex/latexconfig/epstopdf-sys.cfg
File: epstopdf-sys.cfg 2010/07/13 v1.3 Configuration of (r)epstopdf for TeX Liv
e
))
LaTeX Font Info:    External font `cmex10' loaded for size
(Font)              <12> on input line 12.
LaTeX Font Info:    External font `cmex10' loaded for size
(Font)              <8> on input line 12.
LaTeX Font Info:    External font `cmex10' loaded for size
(Font)              <6> on input line 12.

Overfull \hbox (36.65945pt too wide) in paragraph at lines 19--19
[]\OT1/cmtt/m/n/10.95 def cv(X, y, method, parameters, nfolds, nrepetitions, lo
ss function)[] 
 []

LaTeX Font Info:    External font `cmex10' loaded for size
(Font)              <10.95> on input line 36.
[1

{/var/lib/texmf/fonts/map/pdftex/updmap/pdftex.map}]
Overfull \hbox (42.40814pt too wide) in paragraph at lines 61--61
[]    \OT1/cmtt/m/n/10.95 return np.exp(-((x-mu)**2)/(2*sigma**2))/np.sqrt(2*np
.pi*sigma**2)[] 
 []


Overfull \hbox (99.89502pt too wide) in paragraph at lines 61--61
[]\OT1/cmtt/m/n/10.95 plt.plot(np.arange(-4,6,0.1),nomdis(np.arange(-4,6,0.1),0
,1),label='mu=0,std=1')[] 
 []


Overfull \hbox (99.89502pt too wide) in paragraph at lines 61--61
[]\OT1/cmtt/m/n/10.95 plt.plot(np.arange(-4,6,0.1),nomdis(np.arange(-4,6,0.1),2
,1),label='mu=2,std=1')[] 
 []

<histmix.png, id=12, 379.4175pt x 267.399pt>
File: histmix.png Graphic file (type png)
 <use histmix.png>
Package pdftex.def Info: histmix.png used on input line 64.
(pdftex.def)             Requested size: 265.59042pt x 187.17802pt.
 [2 <./histmix.png>] <roc.png, id=19, 377.9721pt x 267.399pt>
File: roc.png Graphic file (type png)
 <use roc.png>
Package pdftex.def Info: roc.png used on input line 81.
(pdftex.def)             Requested size: 264.57866pt x 187.17802pt.
 [3 <./roc.png>]
Overfull \hbox (19.41339pt too wide) in paragraph at lines 122--122
[]\OT1/cmtt/m/n/10.95 cl = ['black','red','blue','yellow','black','red','blue',
'yellow'][] 
 []


Overfull \hbox (76.90027pt too wide) in paragraph at lines 122--122
[]\OT1/cmtt/m/n/10.95 line = ['solid','solid','solid','solid','dashed','dashed'
,'dashed','dashed'][] 
 []


Overfull \hbox (13.6647pt too wide) in paragraph at lines 122--122
[]    \OT1/cmtt/m/n/10.95 P1 = np.append(p1.reshape(1,len(p1)),np.zeros((1,len(
p1))),0)[] 
 []


Overfull \hbox (7.91602pt too wide) in paragraph at lines 122--122
[]    \OT1/cmtt/m/n/10.95 P2 = np.append(p2.reshape(1,len(p2)),np.ones((1,len(p
2))),0)[] 
 []


Overfull \hbox (145.88452pt too wide) in paragraph at lines 122--122
[]    \OT1/cmtt/m/n/10.95 plt.plot(sroc[0],sroc[1], label=("Emprical n=",n),col
or=cl[ite],linestyle=line[ite])[] 
 []

<rocall.png, id=24, 449.5194pt x 450.2421pt>
File: rocall.png Graphic file (type png)
 <use rocall.png>
Package pdftex.def Info: rocall.png used on input line 136.
(pdftex.def)             Requested size: 269.7137pt x 270.14732pt.
 [4] [5 <./rocall.png>] [6]
Overfull \hbox (140.13583pt too wide) in paragraph at lines 244--244
[]    \OT1/cmtt/m/n/10.95 thres = np.linspace(np.min(pred),np.max(pred),bins).r
eshape(bins,1)*np.ones((1 ,n))[] 
 []


Overfull \hbox (53.90552pt too wide) in paragraph at lines 244--244
[]    \OT1/cmtt/m/n/10.95 fpr = (((comp-prebl))==(-np.ones(comp.shape))).sum(1)
/(n-true.sum())[] 
 []


Overfull \hbox (42.40814pt too wide) in paragraph at lines 244--244
[]    \OT1/cmtt/m/n/10.95 roc = np.append(fpr.reshape(1,len(fpr)),tpr.reshape(1
,len(tpr)),0)[] 
 []

[7] <rocbg.png, id=39, 393.1488pt x 282.5757pt>
File: rocbg.png Graphic file (type png)
 <use rocbg.png>
Package pdftex.def Info: rocbg.png used on input line 255.
(pdftex.def)             Requested size: 275.20229pt x 197.80162pt.
 [8 <./rocbg.png>] <rocdl.png, id=44, 393.1488pt x 282.5757pt>
File: rocdl.png Graphic file (type png)
 <use rocdl.png>
Package pdftex.def Info: rocdl.png used on input line 272.
(pdftex.def)             Requested size: 235.8911pt x 169.54672pt.
File: rocdl.png Graphic file (type png)
 <use rocdl.png>
Package pdftex.def Info: rocdl.png used on input line 288.
(pdftex.def)             Requested size: 235.8911pt x 169.54672pt.

[9 <./rocdl.png>]
File: rocdl.png Graphic file (type png)
 <use rocdl.png>
Package pdftex.def Info: rocdl.png used on input line 305.
(pdftex.def)             Requested size: 235.8911pt x 169.54672pt.
File: rocdl.png Graphic file (type png)
 <use rocdl.png>
Package pdftex.def Info: rocdl.png used on input line 323.
(pdftex.def)             Requested size: 235.8911pt x 169.54672pt.
 [10] (./hw3.aux) ) 
Here is how much of TeX's memory you used:
 1614 strings out of 493029
 23102 string characters out of 6136233
 83591 words of memory out of 5000000
 5144 multiletter control sequences out of 15000+600000
 8671 words of font info for 31 fonts, out of 8000000 for 9000
 1141 hyphenation exceptions out of 8191
 38i,6n,23p,630b,243s stack positions out of 5000i,500n,10000p,200000b,80000s
</usr/share/texlive/texmf-dist/fonts/type1/public/amsfonts/c
m/cmbx12.pfb></usr/share/texlive/texmf-dist/fonts/type1/public/amsfonts/cm/cmmi
10.pfb></usr/share/texlive/texmf-dist/fonts/type1/public/amsfonts/cm/cmr10.pfb>
</usr/share/texlive/texmf-dist/fonts/type1/public/amsfonts/cm/cmr12.pfb></usr/s
hare/texlive/texmf-dist/fonts/type1/public/amsfonts/cm/cmr17.pfb></usr/share/te
xlive/texmf-dist/fonts/type1/public/amsfonts/cm/cmsy10.pfb></usr/share/texlive/
texmf-dist/fonts/type1/public/amsfonts/cm/cmtt10.pfb>
Output written on hw3.pdf (10 pages, 212322 bytes).
PDF statistics:
 76 PDF objects out of 1000 (max. 8388607)
 46 compressed objects within 1 object stream
 0 named destinations out of 1000 (max. 500000)
 26 words of extra memory for PDF output out of 10000 (max. 10000000)

