This is pdfTeX, Version 3.14159265-2.6-1.40.16 (TeX Live 2015/Debian) (preloaded format=pdflatex 2016.12.22)  29 APR 2017 19:04
entering extended mode
 restricted \write18 enabled.
 %&-line parsing enabled.
**hw1.tex
(./hw1.tex
LaTeX2e <2016/02/01>
Babel <3.9q> and hyphenation patterns for 81 language(s) loaded.
(/usr/share/texlive/texmf-dist/tex/latex/base/article.cls
Document Class: article 2014/09/29 v1.4h Standard LaTeX document class
(/usr/share/texlive/texmf-dist/tex/latex/base/size11.clo
File: size11.clo 2014/09/29 v1.4h Standard LaTeX file (size option)
)
\c@part=\count79
\c@section=\count80
\c@subsection=\count81
\c@subsubsection=\count82
\c@paragraph=\count83
\c@subparagraph=\count84
\c@figure=\count85
\c@table=\count86
\abovecaptionskip=\skip41
\belowcaptionskip=\skip42
\bibindent=\dimen102
)
(/usr/share/texlive/texmf-dist/tex/latex/graphics/graphicx.sty
Package: graphicx 2014/10/28 v1.0g Enhanced LaTeX Graphics (DPC,SPQR)

(/usr/share/texlive/texmf-dist/tex/latex/graphics/keyval.sty
Package: keyval 2014/10/28 v1.15 key=value parser (DPC)
\KV@toks@=\toks14
)
(/usr/share/texlive/texmf-dist/tex/latex/graphics/graphics.sty
Package: graphics 2016/01/03 v1.0q Standard LaTeX Graphics (DPC,SPQR)

(/usr/share/texlive/texmf-dist/tex/latex/graphics/trig.sty
Package: trig 2016/01/03 v1.10 sin cos tan (DPC)
)
(/usr/share/texlive/texmf-dist/tex/latex/latexconfig/graphics.cfg
File: graphics.cfg 2010/04/23 v1.9 graphics configuration of TeX Live
)
Package graphics Info: Driver file: pdftex.def on input line 95.

(/usr/share/texlive/texmf-dist/tex/latex/pdftex-def/pdftex.def
File: pdftex.def 2011/05/27 v0.06d Graphics/color for pdfTeX

(/usr/share/texlive/texmf-dist/tex/generic/oberdiek/infwarerr.sty
Package: infwarerr 2010/04/08 v1.3 Providing info/warning/error messages (HO)
)
(/usr/share/texlive/texmf-dist/tex/generic/oberdiek/ltxcmds.sty
Package: ltxcmds 2011/11/09 v1.22 LaTeX kernel commands for general use (HO)
)
\Gread@gobject=\count87
))
\Gin@req@height=\dimen103
\Gin@req@width=\dimen104
)
(/usr/share/texlive/texmf-dist/tex/latex/booktabs/booktabs.sty
Package: booktabs 2005/04/14 v1.61803 publication quality tables
\heavyrulewidth=\dimen105
\lightrulewidth=\dimen106
\cmidrulewidth=\dimen107
\belowrulesep=\dimen108
\belowbottomsep=\dimen109
\aboverulesep=\dimen110
\abovetopsep=\dimen111
\cmidrulesep=\dimen112
\cmidrulekern=\dimen113
\defaultaddspace=\dimen114
\@cmidla=\count88
\@cmidlb=\count89
\@aboverulesep=\dimen115
\@belowrulesep=\dimen116
\@thisruleclass=\count90
\@lastruleclass=\count91
\@thisrulewidth=\dimen117
)
(/usr/share/texlive/texmf-dist/tex/latex/setspace/setspace.sty
Package: setspace 2011/12/19 v6.7a set line spacing
)
(/usr/share/texlive/texmf-dist/tex/latex/parskip/parskip.sty
Package: parskip 2001/04/09 non-zero parskip adjustments
) (./hw1.aux)
\openout1 = `hw1.aux'.

LaTeX Font Info:    Checking defaults for OML/cmm/m/it on input line 7.
LaTeX Font Info:    ... okay on input line 7.
LaTeX Font Info:    Checking defaults for T1/cmr/m/n on input line 7.
LaTeX Font Info:    ... okay on input line 7.
LaTeX Font Info:    Checking defaults for OT1/cmr/m/n on input line 7.
LaTeX Font Info:    ... okay on input line 7.
LaTeX Font Info:    Checking defaults for OMS/cmsy/m/n on input line 7.
LaTeX Font Info:    ... okay on input line 7.
LaTeX Font Info:    Checking defaults for OMX/cmex/m/n on input line 7.
LaTeX Font Info:    ... okay on input line 7.
LaTeX Font Info:    Checking defaults for U/cmr/m/n on input line 7.
LaTeX Font Info:    ... okay on input line 7.

(/usr/share/texlive/texmf-dist/tex/context/base/supp-pdf.mkii
[Loading MPS to PDF converter (version 2006.09.02).]
\scratchcounter=\count92
\scratchdimen=\dimen118
\scratchbox=\box26
\nofMPsegments=\count93
\nofMParguments=\count94
\everyMPshowfont=\toks15
\MPscratchCnt=\count95
\MPscratchDim=\dimen119
\MPnumerator=\count96
\makeMPintoPDFobject=\count97
\everyMPtoPDFconversion=\toks16
) (/usr/share/texlive/texmf-dist/tex/generic/oberdiek/pdftexcmds.sty
Package: pdftexcmds 2011/11/29 v0.20 Utility functions of pdfTeX for LuaTeX (HO
)

(/usr/share/texlive/texmf-dist/tex/generic/oberdiek/ifluatex.sty
Package: ifluatex 2010/03/01 v1.3 Provides the ifluatex switch (HO)
Package ifluatex Info: LuaTeX not detected.
)
(/usr/share/texlive/texmf-dist/tex/generic/oberdiek/ifpdf.sty
Package: ifpdf 2011/01/30 v2.3 Provides the ifpdf switch (HO)
Package ifpdf Info: pdfTeX in PDF mode is detected.
)
Package pdftexcmds Info: LuaTeX not detected.
Package pdftexcmds Info: \pdf@primitive is available.
Package pdftexcmds Info: \pdf@ifprimitive is available.
Package pdftexcmds Info: \pdfdraftmode found.
)
(/usr/share/texlive/texmf-dist/tex/latex/oberdiek/epstopdf-base.sty
Package: epstopdf-base 2010/02/09 v2.5 Base part for package epstopdf

(/usr/share/texlive/texmf-dist/tex/latex/oberdiek/grfext.sty
Package: grfext 2010/08/19 v1.1 Manage graphics extensions (HO)

(/usr/share/texlive/texmf-dist/tex/generic/oberdiek/kvdefinekeys.sty
Package: kvdefinekeys 2011/04/07 v1.3 Define keys (HO)
))
(/usr/share/texlive/texmf-dist/tex/latex/oberdiek/kvoptions.sty
Package: kvoptions 2011/06/30 v3.11 Key value format for package options (HO)

(/usr/share/texlive/texmf-dist/tex/generic/oberdiek/kvsetkeys.sty
Package: kvsetkeys 2012/04/25 v1.16 Key value parser (HO)

(/usr/share/texlive/texmf-dist/tex/generic/oberdiek/etexcmds.sty
Package: etexcmds 2011/02/16 v1.5 Avoid name clashes with e-TeX commands (HO)
Package etexcmds Info: Could not find \expanded.
(etexcmds)             That can mean that you are not using pdfTeX 1.50 or
(etexcmds)             that some package has redefined \expanded.
(etexcmds)             In the latter case, load this package earlier.
)))
Package grfext Info: Graphics extension search list:
(grfext)             [.png,.pdf,.jpg,.mps,.jpeg,.jbig2,.jb2,.PNG,.PDF,.JPG,.JPE
G,.JBIG2,.JB2,.eps]
(grfext)             \AppendGraphicsExtensions on input line 452.

(/usr/share/texlive/texmf-dist/tex/latex/latexconfig/epstopdf-sys.cfg
File: epstopdf-sys.cfg 2010/07/13 v1.3 Configuration of (r)epstopdf for TeX Liv
e
))
LaTeX Font Info:    External font `cmex10' loaded for size
(Font)              <12> on input line 12.
LaTeX Font Info:    External font `cmex10' loaded for size
(Font)              <8> on input line 12.
LaTeX Font Info:    External font `cmex10' loaded for size
(Font)              <6> on input line 12.
LaTeX Font Info:    External font `cmex10' loaded for size
(Font)              <10.95> on input line 15.

[1

{/var/lib/texmf/fonts/map/pdftex/updmap/pdftex.map}] [2]
<allpc.png, id=17, 936.6192pt x 267.399pt>
File: allpc.png Graphic file (type png)
 <use allpc.png>
Package pdftex.def Info: allpc.png used on input line 87.
(pdftex.def)             Requested size: 374.64105pt x 106.9577pt.

<5pc.png, id=19, 933.0057pt x 267.399pt>
File: 5pc.png Graphic file (type png)
 <use 5pc.png>
Package pdftex.def Info: 5pc.png used on input line 88.
(pdftex.def)             Requested size: 373.19566pt x 106.9577pt.

Overfull \hbox (14.64105pt too wide) in paragraph at lines 87--89
[][]
 []


Overfull \hbox (13.19566pt too wide) in paragraph at lines 87--89
[] 
 []


Underfull \hbox (badness 10000) in paragraph at lines 95--96

 []

[3 <./allpc.png> <./5pc.png>] <5eigv.png, id=25, 804.3651pt x 138.0357pt>
File: 5eigv.png Graphic file (type png)

<use 5eigv.png>
Package pdftex.def Info: 5eigv.png used on input line 108.
(pdftex.def)             Requested size: 321.74034pt x 55.21329pt.
 <noisimg.png, id=26, 534.798pt x 191.5155pt>
File: noisimg.png Graphic file (type png)
 <use noisimg.png>
Package pdftex.def Info: noisimg.png used on input line 115.
(pdftex.def)             Requested size: 213.9154pt x 76.60483pt.

<orgev.png, id=27, 933.0057pt x 267.399pt>
File: orgev.png Graphic file (type png)
 <use orgev.png>
Package pdftex.def Info: orgev.png used on input line 122.
(pdftex.def)             Requested size: 373.19566pt x 106.9577pt.

<lowev.png, id=28, 933.0057pt x 267.399pt>
File: lowev.png Graphic file (type png)
 <use lowev.png>
Package pdftex.def Info: lowev.png used on input line 123.
(pdftex.def)             Requested size: 373.19566pt x 106.9577pt.

<stev.png, id=29, 933.0057pt x 267.399pt>
File: stev.png Graphic file (type png)
 <use stev.png>
Package pdftex.def Info: stev.png used on input line 124.
(pdftex.def)             Requested size: 373.19566pt x 106.9577pt.

<exev.png, id=30, 933.0057pt x 267.399pt>
File: exev.png Graphic file (type png)
 <use exev.png>
Package pdftex.def Info: exev.png used on input line 125.
(pdftex.def)             Requested size: 373.19566pt x 106.9577pt.

Overfull \hbox (13.19566pt too wide) in paragraph at lines 122--126
[][]
 []


Overfull \hbox (13.19566pt too wide) in paragraph at lines 122--126
[]
 []


Overfull \hbox (13.19566pt too wide) in paragraph at lines 122--126
[]
 []


Overfull \hbox (13.19566pt too wide) in paragraph at lines 122--126
[] 
 []

<orgev2.png, id=31, 968.418pt x 267.399pt>
File: orgev2.png Graphic file (type png)
 <use orgev2.png>
Package pdftex.def Info: orgev2.png used on input line 130.
(pdftex.def)             Requested size: 387.36034pt x 106.9577pt.

<lowev2.png, id=32, 968.418pt x 267.399pt>
File: lowev2.png Graphic file (type png)
 <use lowev2.png>
Package pdftex.def Info: lowev2.png used on input line 131.
(pdftex.def)             Requested size: 387.36034pt x 106.9577pt.

<stev2.png, id=33, 968.418pt x 267.399pt>
File: stev2.png Graphic file (type png)
 <use stev2.png>
Package pdftex.def Info: stev2.png used on input line 132.
(pdftex.def)             Requested size: 387.36034pt x 106.9577pt.

<exev2.png, id=34, 968.418pt x 267.399pt>
File: exev2.png Graphic file (type png)
 <use exev2.png>
Package pdftex.def Info: exev2.png used on input line 133.
(pdftex.def)             Requested size: 387.36034pt x 106.9577pt.

Overfull \hbox (27.36034pt too wide) in paragraph at lines 130--134
[][]
 []


Overfull \hbox (27.36034pt too wide) in paragraph at lines 130--134
[]
 []


Overfull \hbox (27.36034pt too wide) in paragraph at lines 130--134
[]
 []


Overfull \hbox (27.36034pt too wide) in paragraph at lines 130--134
[] 
 []

[4 <./5eigv.png> <./noisimg.png>] [5 <./orgev.png> <./lowev.png> <./stev.png> <
./exev.png>] [6 <./orgev2.png> <./lowev2.png> <./stev2.png> <./exev2.png>]
<dlown.png, id=54, 385.9218pt x 267.399pt>
File: dlown.png Graphic file (type png)
 <use dlown.png>
Package pdftex.def Info: dlown.png used on input line 140.
(pdftex.def)             Requested size: 270.14342pt x 187.17802pt.

<dh.png, id=55, 385.9218pt x 267.399pt>
File: dh.png Graphic file (type png)
 <use dh.png>
Package pdftex.def Info: dh.png used on input line 142.
(pdftex.def)             Requested size: 270.14342pt x 187.17802pt.

<de.png, id=56, 385.9218pt x 267.399pt>
File: de.png Graphic file (type png)
 <use de.png>
Package pdftex.def Info: de.png used on input line 144.
(pdftex.def)             Requested size: 270.14342pt x 187.17802pt.


LaTeX Warning: Float too large for page by 44.92133pt on input line 146.

[7] [8 <./dlown.png> <./dh.png> <./de.png>] (./hw1.aux) ) 
Here is how much of TeX's memory you used:
 1663 strings out of 493029
 23705 string characters out of 6136233
 82591 words of memory out of 5000000
 5184 multiletter control sequences out of 15000+600000
 8671 words of font info for 31 fonts, out of 8000000 for 9000
 1141 hyphenation exceptions out of 8191
 38i,7n,23p,684b,238s stack positions out of 5000i,500n,10000p,200000b,80000s
</usr/share/texlive/te
xmf-dist/fonts/type1/public/amsfonts/cm/cmbx12.pfb></usr/share/texlive/texmf-di
st/fonts/type1/public/amsfonts/cm/cmmi10.pfb></usr/share/texlive/texmf-dist/fon
ts/type1/public/amsfonts/cm/cmmi8.pfb></usr/share/texlive/texmf-dist/fonts/type
1/public/amsfonts/cm/cmr10.pfb></usr/share/texlive/texmf-dist/fonts/type1/publi
c/amsfonts/cm/cmr12.pfb></usr/share/texlive/texmf-dist/fonts/type1/public/amsfo
nts/cm/cmr17.pfb></usr/share/texlive/texmf-dist/fonts/type1/public/amsfonts/cm/
cmsy8.pfb></usr/share/texlive/texmf-dist/fonts/type1/public/amsfonts/cm/cmtt10.
pfb>
Output written on hw1.pdf (8 pages, 622723 bytes).
PDF statistics:
 94 PDF objects out of 1000 (max. 8388607)
 45 compressed objects within 1 object stream
 0 named destinations out of 1000 (max. 500000)
 76 words of extra memory for PDF output out of 10000 (max. 10000000)

