This is pdfTeX, Version 3.14159265-2.6-1.40.16 (TeX Live 2015/Debian) (preloaded format=pdflatex 2016.12.22)  3 JUL 2017 10:19
entering extended mode
 restricted \write18 enabled.
 %&-line parsing enabled.
**hw4.tex
(./hw4.tex
LaTeX2e <2016/02/01>
Babel <3.9q> and hyphenation patterns for 81 language(s) loaded.
(/usr/share/texlive/texmf-dist/tex/latex/base/article.cls
Document Class: article 2014/09/29 v1.4h Standard LaTeX document class
(/usr/share/texlive/texmf-dist/tex/latex/base/size11.clo
File: size11.clo 2014/09/29 v1.4h Standard LaTeX file (size option)
)
\c@part=\count79
\c@section=\count80
\c@subsection=\count81
\c@subsubsection=\count82
\c@paragraph=\count83
\c@subparagraph=\count84
\c@figure=\count85
\c@table=\count86
\abovecaptionskip=\skip41
\belowcaptionskip=\skip42
\bibindent=\dimen102
)
(/usr/share/texlive/texmf-dist/tex/latex/graphics/graphicx.sty
Package: graphicx 2014/10/28 v1.0g Enhanced LaTeX Graphics (DPC,SPQR)

(/usr/share/texlive/texmf-dist/tex/latex/graphics/keyval.sty
Package: keyval 2014/10/28 v1.15 key=value parser (DPC)
\KV@toks@=\toks14
)
(/usr/share/texlive/texmf-dist/tex/latex/graphics/graphics.sty
Package: graphics 2016/01/03 v1.0q Standard LaTeX Graphics (DPC,SPQR)

(/usr/share/texlive/texmf-dist/tex/latex/graphics/trig.sty
Package: trig 2016/01/03 v1.10 sin cos tan (DPC)
)
(/usr/share/texlive/texmf-dist/tex/latex/latexconfig/graphics.cfg
File: graphics.cfg 2010/04/23 v1.9 graphics configuration of TeX Live
)
Package graphics Info: Driver file: pdftex.def on input line 95.

(/usr/share/texlive/texmf-dist/tex/latex/pdftex-def/pdftex.def
File: pdftex.def 2011/05/27 v0.06d Graphics/color for pdfTeX

(/usr/share/texlive/texmf-dist/tex/generic/oberdiek/infwarerr.sty
Package: infwarerr 2010/04/08 v1.3 Providing info/warning/error messages (HO)
)
(/usr/share/texlive/texmf-dist/tex/generic/oberdiek/ltxcmds.sty
Package: ltxcmds 2011/11/09 v1.22 LaTeX kernel commands for general use (HO)
)
\Gread@gobject=\count87
))
\Gin@req@height=\dimen103
\Gin@req@width=\dimen104
)
(/usr/share/texlive/texmf-dist/tex/latex/booktabs/booktabs.sty
Package: booktabs 2005/04/14 v1.61803 publication quality tables
\heavyrulewidth=\dimen105
\lightrulewidth=\dimen106
\cmidrulewidth=\dimen107
\belowrulesep=\dimen108
\belowbottomsep=\dimen109
\aboverulesep=\dimen110
\abovetopsep=\dimen111
\cmidrulesep=\dimen112
\cmidrulekern=\dimen113
\defaultaddspace=\dimen114
\@cmidla=\count88
\@cmidlb=\count89
\@aboverulesep=\dimen115
\@belowrulesep=\dimen116
\@thisruleclass=\count90
\@lastruleclass=\count91
\@thisrulewidth=\dimen117
)
(/usr/share/texlive/texmf-dist/tex/latex/setspace/setspace.sty
Package: setspace 2011/12/19 v6.7a set line spacing
)
(/usr/share/texlive/texmf-dist/tex/latex/parskip/parskip.sty
Package: parskip 2001/04/09 non-zero parskip adjustments
) (./hw4.aux)
\openout1 = `hw4.aux'.

LaTeX Font Info:    Checking defaults for OML/cmm/m/it on input line 7.
LaTeX Font Info:    ... okay on input line 7.
LaTeX Font Info:    Checking defaults for T1/cmr/m/n on input line 7.
LaTeX Font Info:    ... okay on input line 7.
LaTeX Font Info:    Checking defaults for OT1/cmr/m/n on input line 7.
LaTeX Font Info:    ... okay on input line 7.
LaTeX Font Info:    Checking defaults for OMS/cmsy/m/n on input line 7.
LaTeX Font Info:    ... okay on input line 7.
LaTeX Font Info:    Checking defaults for OMX/cmex/m/n on input line 7.
LaTeX Font Info:    ... okay on input line 7.
LaTeX Font Info:    Checking defaults for U/cmr/m/n on input line 7.
LaTeX Font Info:    ... okay on input line 7.

(/usr/share/texlive/texmf-dist/tex/context/base/supp-pdf.mkii
[Loading MPS to PDF converter (version 2006.09.02).]
\scratchcounter=\count92
\scratchdimen=\dimen118
\scratchbox=\box26
\nofMPsegments=\count93
\nofMParguments=\count94
\everyMPshowfont=\toks15
\MPscratchCnt=\count95
\MPscratchDim=\dimen119
\MPnumerator=\count96
\makeMPintoPDFobject=\count97
\everyMPtoPDFconversion=\toks16
) (/usr/share/texlive/texmf-dist/tex/generic/oberdiek/pdftexcmds.sty
Package: pdftexcmds 2011/11/29 v0.20 Utility functions of pdfTeX for LuaTeX (HO
)

(/usr/share/texlive/texmf-dist/tex/generic/oberdiek/ifluatex.sty
Package: ifluatex 2010/03/01 v1.3 Provides the ifluatex switch (HO)
Package ifluatex Info: LuaTeX not detected.
)
(/usr/share/texlive/texmf-dist/tex/generic/oberdiek/ifpdf.sty
Package: ifpdf 2011/01/30 v2.3 Provides the ifpdf switch (HO)
Package ifpdf Info: pdfTeX in PDF mode is detected.
)
Package pdftexcmds Info: LuaTeX not detected.
Package pdftexcmds Info: \pdf@primitive is available.
Package pdftexcmds Info: \pdf@ifprimitive is available.
Package pdftexcmds Info: \pdfdraftmode found.
)
(/usr/share/texlive/texmf-dist/tex/latex/oberdiek/epstopdf-base.sty
Package: epstopdf-base 2010/02/09 v2.5 Base part for package epstopdf

(/usr/share/texlive/texmf-dist/tex/latex/oberdiek/grfext.sty
Package: grfext 2010/08/19 v1.1 Manage graphics extensions (HO)

(/usr/share/texlive/texmf-dist/tex/generic/oberdiek/kvdefinekeys.sty
Package: kvdefinekeys 2011/04/07 v1.3 Define keys (HO)
))
(/usr/share/texlive/texmf-dist/tex/latex/oberdiek/kvoptions.sty
Package: kvoptions 2011/06/30 v3.11 Key value format for package options (HO)

(/usr/share/texlive/texmf-dist/tex/generic/oberdiek/kvsetkeys.sty
Package: kvsetkeys 2012/04/25 v1.16 Key value parser (HO)

(/usr/share/texlive/texmf-dist/tex/generic/oberdiek/etexcmds.sty
Package: etexcmds 2011/02/16 v1.5 Avoid name clashes with e-TeX commands (HO)
Package etexcmds Info: Could not find \expanded.
(etexcmds)             That can mean that you are not using pdfTeX 1.50 or
(etexcmds)             that some package has redefined \expanded.
(etexcmds)             In the latter case, load this package earlier.
)))
Package grfext Info: Graphics extension search list:
(grfext)             [.png,.pdf,.jpg,.mps,.jpeg,.jbig2,.jb2,.PNG,.PDF,.JPG,.JPE
G,.JBIG2,.JB2,.eps]
(grfext)             \AppendGraphicsExtensions on input line 452.

(/usr/share/texlive/texmf-dist/tex/latex/latexconfig/epstopdf-sys.cfg
File: epstopdf-sys.cfg 2010/07/13 v1.3 Configuration of (r)epstopdf for TeX Liv
e
))
LaTeX Font Info:    External font `cmex10' loaded for size
(Font)              <12> on input line 12.
LaTeX Font Info:    External font `cmex10' loaded for size
(Font)              <8> on input line 12.
LaTeX Font Info:    External font `cmex10' loaded for size
(Font)              <6> on input line 12.
LaTeX Font Info:    External font `cmex10' loaded for size
(Font)              <10.95> on input line 26.

Overfull \hbox (12.72638pt too wide) in paragraph at lines 26--28
\OT1/cmr/m/n/10.95 func-tion "getk-er-nel(self, X, Y=None)" and pre-dict func-t
ion "fx(self,X1,X2,Y)".
 []


Overfull \hbox (88.39764pt too wide) in paragraph at lines 33--33
[]\OT1/cmtt/m/n/10.95 _compute_updated_b(self, E_i, E_j, i, j, K, Y, alpha_old,
 alpha_new, b_old, C)[] 
 []

[1

{/var/lib/texmf/fonts/map/pdftex/updmap/pdftex.map}]
Overfull \hbox (2.16733pt too wide) in paragraph at lines 43--43
[]\OT1/cmtt/m/n/10.95 self.b = np.mean(self.y - self.fx(self.SV,self.SV,self.y)
[:,0])[] 
 []

<qpform.png, id=14, 719.68875pt x 547.2947pt>
File: qpform.png Graphic file (type png)
 <use qpform.png>
Package pdftex.def Info: qpform.png used on input line 52.
(pdftex.def)             Requested size: 287.87039pt x 218.91399pt.

Overfull \hbox (18.51788pt too wide) in alignment at lines 67--77
 [][][] []
 []

[2 <./qpform.png (PNG copy)>]
Overfull \hbox (69.63771pt too wide) in alignment at lines 78--98
 [][][] []
 []

Missing character: There is no Ï in font cmbx12!
Missing character: There is no ƒ in font cmbx12!
Missing character: There is no Ï in font cmr10!
Missing character: There is no ƒ in font cmr10!

Overfull \hbox (59.6542pt too wide) in paragraph at lines 112--112
[]\OT1/cmtt/m/n/10.95 para = { 'kernel': ['gaussian'], 'kernelparameter': np.lo
gspace(-2,2,10),[] 
 []

Missing character: There is no Ï in font cmr10!
Missing character: There is no ƒ in font cmr10!
<trcvsmo.png, id=22, 369.2997pt x 379.4175pt>
File: trcvsmo.png Graphic file (type png)
 <use trcvsmo.png>
Package pdftex.def Info: trcvsmo.png used on input line 131.
(pdftex.def)             Requested size: 184.64938pt x 189.70828pt.

<tecvsmo.png, id=24, 369.2997pt x 379.4175pt>
File: tecvsmo.png Graphic file (type png)
 <use tecvsmo.png>
Package pdftex.def Info: tecvsmo.png used on input line 132.
(pdftex.def)             Requested size: 184.64938pt x 189.70828pt.

Overfull \hbox (11.7321pt too wide) in paragraph at lines 131--133
[][] [] 
 []

Missing character: There is no Ï in font cmr10!
Missing character: There is no ƒ in font cmr10!
[3] <smouftr.png, id=28, 369.2997pt x 379.4175pt>
File: smouftr.png Graphic file (type png)
 <use smouftr.png>
Package pdftex.def Info: smouftr.png used on input line 147.
(pdftex.def)             Requested size: 184.64938pt x 189.70828pt.

<smoufte.png, id=29, 369.2997pt x 379.4175pt>
File: smoufte.png Graphic file (type png)
 <use smoufte.png>
Package pdftex.def Info: smoufte.png used on input line 148.
(pdftex.def)             Requested size: 184.64938pt x 189.70828pt.

Overfull \hbox (11.7321pt too wide) in paragraph at lines 147--149
[][] [] 
 []

[4 <./trcvsmo.png> <./tecvsmo.png> <./smouftr.png> <./smoufte.png>]
<smooftr.png, id=37, 369.2997pt x 379.4175pt>
File: smooftr.png Graphic file (type png)
 <use smooftr.png>
Package pdftex.def Info: smooftr.png used on input line 167.
(pdftex.def)             Requested size: 184.64938pt x 189.70828pt.

<smoofte.png, id=38, 369.2997pt x 379.4175pt>
File: smoofte.png Graphic file (type png)
 <use smoofte.png>
Package pdftex.def Info: smoofte.png used on input line 168.
(pdftex.def)             Requested size: 184.64938pt x 189.70828pt.

Overfull \hbox (11.7321pt too wide) in paragraph at lines 167--169
[][] [] 
 []

<roc.png, id=39, 405.4347pt x 282.5757pt>
File: roc.png Graphic file (type png)
 <use roc.png>
Package pdftex.def Info: roc.png used on input line 180.
(pdftex.def)             Requested size: 202.71684pt x 141.28749pt.
 [5 <./smooftr.png> <./smoofte.png> <./roc.png>] [6] (./hw4.aux) ) 
Here is how much of TeX's memory you used:
 1634 strings out of 493029
 23400 string characters out of 6136233
 83591 words of memory out of 5000000
 5158 multiletter control sequences out of 15000+600000
 9600 words of font info for 34 fonts, out of 8000000 for 9000
 1141 hyphenation exceptions out of 8191
 38i,14n,23p,264b,239s stack positions out of 5000i,500n,10000p,200000b,80000s
</usr/share/t
exlive/texmf-dist/fonts/type1/public/amsfonts/cm/cmbx10.pfb></usr/share/texlive
/texmf-dist/fonts/type1/public/amsfonts/cm/cmbx12.pfb></usr/share/texlive/texmf
-dist/fonts/type1/public/amsfonts/cm/cmex10.pfb></usr/share/texlive/texmf-dist/
fonts/type1/public/amsfonts/cm/cmmi10.pfb></usr/share/texlive/texmf-dist/fonts/
type1/public/amsfonts/cm/cmmi8.pfb></usr/share/texlive/texmf-dist/fonts/type1/p
ublic/amsfonts/cm/cmr10.pfb></usr/share/texlive/texmf-dist/fonts/type1/public/a
msfonts/cm/cmr12.pfb></usr/share/texlive/texmf-dist/fonts/type1/public/amsfonts
/cm/cmr17.pfb></usr/share/texlive/texmf-dist/fonts/type1/public/amsfonts/cm/cmr
8.pfb></usr/share/texlive/texmf-dist/fonts/type1/public/amsfonts/cm/cmsy10.pfb>
</usr/share/texlive/texmf-dist/fonts/type1/public/amsfonts/cm/cmsy8.pfb></usr/s
hare/texlive/texmf-dist/fonts/type1/public/amsfonts/cm/cmtt10.pfb>
Output written on hw4.pdf (6 pages, 365603 bytes).
PDF statistics:
 87 PDF objects out of 1000 (max. 8388607)
 51 compressed objects within 1 object stream
 0 named destinations out of 1000 (max. 500000)
 41 words of extra memory for PDF output out of 10000 (max. 10000000)

